[debug] [2026-02-19T16:38:53.019Z] ----------------------------------------------------------------------
[debug] [2026-02-19T16:38:53.021Z] Command:       /opt/homebrew/Cellar/node/23.5.0/bin/node /opt/homebrew/bin/firebase deploy --only hosting
[debug] [2026-02-19T16:38:53.021Z] CLI Version:   15.6.0
[debug] [2026-02-19T16:38:53.021Z] Platform:      darwin
[debug] [2026-02-19T16:38:53.021Z] Node Version:  v23.5.0
[debug] [2026-02-19T16:38:53.021Z] Time:          Thu Feb 19 2026 08:38:53 GMT-0800 (Pacific Standard Time)
[debug] [2026-02-19T16:38:53.021Z] ----------------------------------------------------------------------
[debug] 
[debug] [2026-02-19T16:38:53.394Z] > command requires scopes: ["email","openid","https://www.googleapis.com/auth/cloudplatformprojects.readonly","https://www.googleapis.com/auth/firebase","https://www.googleapis.com/auth/cloud-platform"]
[debug] [2026-02-19T16:38:53.394Z] > authorizing via signed-in user (proflashone@gmail.com)
[debug] [2026-02-19T16:38:53.394Z] [iam] checking project flashone-hq for permissions ["firebase.projects.get","firebasehosting.sites.update"]
[debug] [2026-02-19T16:38:53.394Z] Checked if tokens are valid: true, expires at: 1771522721312
[debug] [2026-02-19T16:38:53.394Z] Checked if tokens are valid: true, expires at: 1771522721312
[debug] [2026-02-19T16:38:53.395Z] >>> [apiv2][query] POST https://cloudresourcemanager.googleapis.com/v1/projects/flashone-hq:testIamPermissions [none]
[debug] [2026-02-19T16:38:53.395Z] >>> [apiv2][(partial)header] POST https://cloudresourcemanager.googleapis.com/v1/projects/flashone-hq:testIamPermissions  x-goog-user-project=flashone-hq
[debug] [2026-02-19T16:38:53.395Z] >>> [apiv2][body] POST https://cloudresourcemanager.googleapis.com/v1/projects/flashone-hq:testIamPermissions {"permissions":["firebase.projects.get","firebasehosting.sites.update"]}
[debug] [2026-02-19T16:38:53.564Z] <<< [apiv2][status] POST https://cloudresourcemanager.googleapis.com/v1/projects/flashone-hq:testIamPermissions 200
[debug] [2026-02-19T16:38:53.564Z] <<< [apiv2][body] POST https://cloudresourcemanager.googleapis.com/v1/projects/flashone-hq:testIamPermissions {"permissions":["firebase.projects.get","firebasehosting.sites.update"]}
[debug] [2026-02-19T16:38:53.565Z] Checked if tokens are valid: true, expires at: 1771522721312
[debug] [2026-02-19T16:38:53.565Z] Checked if tokens are valid: true, expires at: 1771522721312
[debug] [2026-02-19T16:38:53.565Z] >>> [apiv2][query] GET https://firebase.googleapis.com/v1beta1/projects/flashone-hq [none]
[debug] [2026-02-19T16:38:54.018Z] <<< [apiv2][status] GET https://firebase.googleapis.com/v1beta1/projects/flashone-hq 200
[debug] [2026-02-19T16:38:54.018Z] <<< [apiv2][body] GET https://firebase.googleapis.com/v1beta1/projects/flashone-hq {"projectId":"flashone-hq","projectNumber":"134997614663","displayName":"flashone-hq","name":"projects/flashone-hq","resources":{"hostingSite":"flashone-hq"},"state":"ACTIVE","etag":"1_935f8427-62c2-4dca-ae2b-596e91f6dffd"}
[info] 
[info] === Deploying to 'flashone-hq'...
[info] 
[info] i  deploying hosting 
[debug] [2026-02-19T16:38:54.025Z] Checked if tokens are valid: true, expires at: 1771522721312
[debug] [2026-02-19T16:38:54.025Z] Checked if tokens are valid: true, expires at: 1771522721312
[debug] [2026-02-19T16:38:54.026Z] >>> [apiv2][query] POST https://firebasehosting.googleapis.com/v1beta1/projects/-/sites/flashone-hq/versions [none]
[debug] [2026-02-19T16:38:54.026Z] >>> [apiv2][body] POST https://firebasehosting.googleapis.com/v1beta1/projects/-/sites/flashone-hq/versions {"status":"CREATED","labels":{"deployment-tool":"cli-firebase"}}
[debug] [2026-02-19T16:38:55.032Z] <<< [apiv2][status] POST https://firebasehosting.googleapis.com/v1beta1/projects/-/sites/flashone-hq/versions 200
[debug] [2026-02-19T16:38:55.032Z] <<< [apiv2][body] POST https://firebasehosting.googleapis.com/v1beta1/projects/-/sites/flashone-hq/versions {"name":"projects/134997614663/sites/flashone-hq/versions/b9ee6d13164545c6","status":"CREATED","config":{},"labels":{"deployment-tool":"cli-firebase"}}
[info] i  hosting[flashone-hq]: beginning deploy... 
[info] i  hosting[flashone-hq]: found 1 files in public 
[debug] [2026-02-19T16:38:55.049Z] [hosting] uploading with 200 concurrency
[debug] [2026-02-19T16:38:55.050Z] Checked if tokens are valid: true, expires at: 1771522721312
[debug] [2026-02-19T16:38:55.050Z] Checked if tokens are valid: true, expires at: 1771522721312
[debug] [2026-02-19T16:38:55.051Z] [hosting] hash cache [cHVibGlj] stored for 1 files
[debug] [2026-02-19T16:38:55.051Z] [hosting][hash queue][FINAL] {"max":0,"min":0,"avg":0,"active":0,"complete":1,"success":1,"errored":0,"retried":0,"total":1,"elapsed":2}
[debug] [2026-02-19T16:38:55.051Z] >>> [apiv2][query] POST https://firebasehosting.googleapis.com/v1beta1/projects/134997614663/sites/flashone-hq/versions/b9ee6d13164545c6:populateFiles [none]
[debug] [2026-02-19T16:38:55.051Z] >>> [apiv2][body] POST https://firebasehosting.googleapis.com/v1beta1/projects/134997614663/sites/flashone-hq/versions/b9ee6d13164545c6:populateFiles {"files":{"/index.html":"37705ece7e29a6038b66d5fc5314216bcd85d18c9e02e525ae340485d9be5416"}}
